#
# There is insufficient memory for the Java Runtime Environment to continue.
# Native memory allocation (mmap) failed to map 132120576 bytes for G1 virtual space
# Possible reasons:
#   The system is out of physical RAM or swap space
#   The process is running with CompressedOops enabled, and the Java Heap may be blocking the growth of the native heap
# Possible solutions:
#   Reduce memory load on the system
#   Increase physical memory or swap space
#   Check if swap backing store is full
#   Decrease Java heap size (-Xmx/-Xms)
#   Decrease number of Java threads
#   Decrease Java thread stack sizes (-Xss)
#   Set larger code cache with -XX:ReservedCodeCacheSize=
#   JVM is running with Unscaled Compressed Oops mode in which the Java heap is
#     placed in the first 4GB address space. The Java Heap base address is the
#     maximum limit for the native heap growth. Please use -XX:HeapBaseMinAddress
#     to set the Java Heap base and to place the Java Heap above 4GB virtual address.
# This output file may be truncated or incomplete.
#
#  Out of Memory Error (os_windows.cpp:3769), pid=11048, tid=5660
#
# JRE version:  (17.0.6) (build )
# Java VM: OpenJDK 64-Bit Server VM (17.0.6+0-b2043.56-9586694, mixed mode, sharing, tiered, compressed oops, compressed class ptrs, g1 gc, windows-amd64)
# No core dump will be written. Minidumps are not enabled by default on client versions of Windows
#

---------------  S U M M A R Y ------------

Command Line: org.jetbrains.kotlin.cli.jvm.K2JVMCompiler @C:\Users\Yusufjon\AndroidStudioProjects\Zumda-SMS\ZumdaSMS\app\build\20230607_18370440407837283452.compiler.options

Host: 11th Gen Intel(R) Core(TM) i3-1115G4 @ 3.00GHz, 4 cores, 7G,  Windows 11 , 64 bit Build 22621 (10.0.22621.1778)
Time: Wed Jun  7 23:30:59 2023  Windows 11 , 64 bit Build 22621 (10.0.22621.1778) elapsed time: 0.013245 seconds (0d 0h 0m 0s)

---------------  T H R E A D  ---------------

Current thread (0x000002198680a010):  JavaThread "Unknown thread" [_thread_in_vm, id=5660, stack(0x0000007a99200000,0x0000007a99300000)]

Stack: [0x0000007a99200000,0x0000007a99300000]
Native frames: (J=compiled Java code, j=interpreted, Vv=VM code, C=native code)
V  [jvm.dll+0x683b4a]
V  [jvm.dll+0x842654]
V  [jvm.dll+0x843dfe]
V  [jvm.dll+0x844463]
V  [jvm.dll+0x249b75]
V  [jvm.dll+0x680a19]
V  [jvm.dll+0x674f0a]
V  [jvm.dll+0x309acb]
V  [jvm.dll+0x310f86]
V  [jvm.dll+0x3608ee]
V  [jvm.dll+0x360b1f]
V  [jvm.dll+0x2dfbf8]
V  [jvm.dll+0x2e0b64]
V  [jvm.dll+0x813f41]
V  [jvm.dll+0x36e6a1]
V  [jvm.dll+0x7f347c]
V  [jvm.dll+0x3f0e8f]
V  [jvm.dll+0x3f29d1]
C  [jli.dll+0x526b]
C  [ucrtbase.dll+0x29363]
C  [KERNEL32.DLL+0x126ad]
C  [ntdll.dll+0x5a9f8]


---------------  P R O C E S S  ---------------

Threads class SMR info:
_java_thread_list=0x00007ffaba97c058, length=0, elements={
}

Java Threads: ( => current thread )

Other Threads:
  0x0000021986861bc0 GCTaskThread "GC Thread#0" [stack: 0x0000007a99300000,0x0000007a99400000] [id=31980]
  0x0000021986872620 ConcurrentGCThread "G1 Main Marker" [stack: 0x0000007a99400000,0x0000007a99500000] [id=26072]
  0x00000219868737d0 ConcurrentGCThread "G1 Conc#0" [stack: 0x0000007a99500000,0x0000007a99600000] [id=29300]

[error occurred during error reporting (printing all threads), id 0xc0000005, EXCEPTION_ACCESS_VIOLATION (0xc0000005) at pc=0x00007ffaba130797]

VM state: not at safepoint (not fully initialized)

VM Mutex/Monitor currently owned by a thread:  ([mutex/lock_event])
[0x00000219868050c0] Heap_lock - owner thread: 0x000002198680a010

Heap address: 0x0000000083200000, size: 1998 MB, Compressed Oops mode: 32-bit

CDS archive(s) mapped at: [0x0000000000000000-0x0000000000000000-0x0000000000000000), size 0, SharedBaseAddress: 0x0000000800000000, ArchiveRelocationMode: 0.
Narrow klass base: 0x0000000000000000, Narrow klass shift: 0, Narrow klass range: 0x0

GC Precious Log:
<Empty>

Heap:
 garbage-first heap   total 0K, used 0K [0x0000000083200000, 0x0000000100000000)
  region size 1024K, 0 young (0K), 0 survivors (0K)

[error occurred during error reporting (printing heap information), id 0xc0000005, EXCEPTION_ACCESS_VIOLATION (0xc0000005) at pc=0x00007ffaba51d939]

GC Heap History (0 events):
No events

Dll operation events (1 events):
Event: 0.009 Loaded shared library C:\Program Files\Android\Android Studio\jbr\bin\java.dll

Deoptimization events (0 events):
No events

Classes unloaded (0 events):
No events

Classes redefined (0 events):
No events

Internal exceptions (0 events):
No events

VM Operations (0 events):
No events

Events (0 events):
No events


Dynamic libraries:
0x00007ff6bfd10000 - 0x00007ff6bfd1a000 	C:\Program Files\Android\Android Studio\jbr\bin\java.exe
0x00007ffb4c930000 - 0x00007ffb4cb44000 	C:\WINDOWS\SYSTEM32\ntdll.dll
0x00007ffb4a970000 - 0x00007ffb4aa32000 	C:\WINDOWS\System32\KERNEL32.DLL
0x00007ffb4a1b0000 - 0x00007ffb4a553000 	C:\WINDOWS\System32\KERNELBASE.dll
0x00007ffb46cb0000 - 0x00007ffb46d47000 	C:\WINDOWS\SYSTEM32\apphelp.dll
0x00007ffb49d60000 - 0x00007ffb49e71000 	C:\WINDOWS\System32\ucrtbase.dll
0x00007ffb37b30000 - 0x00007ffb37b47000 	C:\Program Files\Android\Android Studio\jbr\bin\jli.dll
0x00007ffb36ed0000 - 0x00007ffb36eeb000 	C:\Program Files\Android\Android Studio\jbr\bin\VCRUNTIME140.dll
0x00007ffb4c660000 - 0x00007ffb4c80b000 	C:\WINDOWS\System32\USER32.dll
0x00007ffb49d30000 - 0x00007ffb49d56000 	C:\WINDOWS\System32\win32u.dll
0x00007ffb4c8c0000 - 0x00007ffb4c8e9000 	C:\WINDOWS\System32\GDI32.dll
0x00007ffb49f20000 - 0x00007ffb4a039000 	C:\WINDOWS\System32\gdi32full.dll
0x00007ffb33040000 - 0x00007ffb332ce000 	C:\WINDOWS\WinSxS\amd64_microsoft.windows.common-controls_6595b64144ccf1df_6.0.22621.1635_none_270f70857386168e\COMCTL32.dll
0x00007ffb49e80000 - 0x00007ffb49f1a000 	C:\WINDOWS\System32\msvcp_win.dll
0x00007ffb4c810000 - 0x00007ffb4c8b7000 	C:\WINDOWS\System32\msvcrt.dll
0x00007ffb4c620000 - 0x00007ffb4c651000 	C:\WINDOWS\System32\IMM32.DLL
0x00007ffb3bc10000 - 0x00007ffb3bc1c000 	C:\Program Files\Android\Android Studio\jbr\bin\vcruntime140_1.dll
0x00007ffb27060000 - 0x00007ffb270ed000 	C:\Program Files\Android\Android Studio\jbr\bin\msvcp140.dll
0x00007ffab9e40000 - 0x00007ffabaaad000 	C:\Program Files\Android\Android Studio\jbr\bin\server\jvm.dll
0x00007ffb4a710000 - 0x00007ffb4a7be000 	C:\WINDOWS\System32\ADVAPI32.dll
0x00007ffb4c570000 - 0x00007ffb4c614000 	C:\WINDOWS\System32\sechost.dll
0x00007ffb4a850000 - 0x00007ffb4a967000 	C:\WINDOWS\System32\RPCRT4.dll
0x00007ffb22800000 - 0x00007ffb22809000 	C:\WINDOWS\SYSTEM32\WSOCK32.dll
0x00007ffb4afc0000 - 0x00007ffb4b031000 	C:\WINDOWS\System32\WS2_32.dll
0x00007ffb40ca0000 - 0x00007ffb40cd4000 	C:\WINDOWS\SYSTEM32\WINMM.dll
0x00007ffb3ed80000 - 0x00007ffb3ed8a000 	C:\WINDOWS\SYSTEM32\VERSION.dll
0x00007ffb48d80000 - 0x00007ffb48d98000 	C:\WINDOWS\SYSTEM32\kernel.appcore.dll
0x00007ffb3cbd0000 - 0x00007ffb3cbda000 	C:\Program Files\Android\Android Studio\jbr\bin\jimage.dll
0x00007ffb47690000 - 0x00007ffb478be000 	C:\WINDOWS\SYSTEM32\DBGHELP.DLL
0x00007ffb4ba00000 - 0x00007ffb4bd89000 	C:\WINDOWS\System32\combase.dll
0x00007ffb4c390000 - 0x00007ffb4c467000 	C:\WINDOWS\System32\OLEAUT32.dll
0x00007ffb2d3b0000 - 0x00007ffb2d3e2000 	C:\WINDOWS\SYSTEM32\dbgcore.DLL
0x00007ffb4a560000 - 0x00007ffb4a5db000 	C:\WINDOWS\System32\bcryptPrimitives.dll
0x00007ffb3c9e0000 - 0x00007ffb3ca05000 	C:\Program Files\Android\Android Studio\jbr\bin\java.dll

dbghelp: loaded successfully - version: 4.0.5 - missing functions: none
symbol engine: initialized successfully - sym options: 0x614 - pdb path: .;C:\Program Files\Android\Android Studio\jbr\bin;C:\WINDOWS\SYSTEM32;C:\WINDOWS\WinSxS\amd64_microsoft.windows.common-controls_6595b64144ccf1df_6.0.22621.1635_none_270f70857386168e;C:\Program Files\Android\Android Studio\jbr\bin\server

VM Arguments:
java_command: org.jetbrains.kotlin.cli.jvm.K2JVMCompiler @C:\Users\Yusufjon\AndroidStudioProjects\Zumda-SMS\ZumdaSMS\app\build\20230607_18370440407837283452.compiler.options
java_class_path (initial): C:\Users\Yusufjon\.gradle\caches\modules-2\files-2.1\org.jetbrains.kotlin\kotlin-compiler-embeddable\1.7.10\909803167c98606fcf22b4c848647c68e351d48d\kotlin-compiler-embeddable-1.7.10.jar;C:\Users\Yusufjon\.gradle\caches\modules-2\files-2.1\org.jetbrains.kotlin\kotlin-reflect\1.7.10\165e600dfea6185cf5efa700756294cc4904dbeb\kotlin-reflect-1.7.10.jar;C:\Users\Yusufjon\.gradle\caches\modules-2\files-2.1\org.jetbrains.kotlin\kotlin-stdlib\1.7.10\d2abf9e77736acc4450dc4a3f707fa2c10f5099d\kotlin-stdlib-1.7.10.jar;C:\Users\Yusufjon\.gradle\caches\modules-2\files-2.1\org.jetbrains.kotlin\kotlin-script-runtime\1.7.10\c99c87a6988d8fd8d5142e9ed5c9f34a7cf561ee\kotlin-script-runtime-1.7.10.jar;C:\Users\Yusufjon\.gradle\caches\modules-2\files-2.1\org.jetbrains.kotlin\kotlin-daemon-embeddable\1.7.10\3a9f7aef7080d3ae63126cbba4f827ed664f32fa\kotlin-daemon-embeddable-1.7.10.jar;C:\Users\Yusufjon\.gradle\caches\modules-2\files-2.1\org.jetbrains.intellij.deps\trove4j\1.0.20200330\3afb14d5f9ceb459d724e907a21145e8ff394f02\trove4j-1.0.20200330.jar;C:\Users\Yusufjon\.gradle\caches\modules-2\files-2.1\net.java.dev.jna\jna\5.6.0\330f2244e9030119ab3030fc3fededc86713d9cc\jna-5.6.0.jar;C:\Users\Yusufjon\.gradle\caches\modules-2\files-2.1\org.jetbrains.kotlin\kotlin-stdlib-common\1.7.10\bac80c520d0a9e3f3673bc2658c6ed02ef45a76a\kotlin-stdlib-common-1.7.10.jar;C:\Users\Yusufjon\.gradle\caches\modules-2\files-2.1\org.jetbrains\annotations\13.0\919f0dfe192fb4e063e7dacadee7f8bb9a2672a9\annotations-13.0.jar
Launcher Type: SUN_STANDARD

[Global flags]
     intx CICompilerCount                          = 3                                         {product} {ergonomic}
     uint ConcGCThreads                            = 1                                         {product} {ergonomic}
     uint G1ConcRefinementThreads                  = 4                                         {product} {ergonomic}
   size_t G1HeapRegionSize                         = 1048576                                   {product} {ergonomic}
    uintx GCDrainStackTargetSize                   = 64                                        {product} {ergonomic}
   size_t InitialHeapSize                          = 132120576                                 {product} {ergonomic}
   size_t MarkStackSize                            = 4194304                                   {product} {ergonomic}
   size_t MaxHeapSize                              = 2095054848                                {product} {ergonomic}
   size_t MinHeapDeltaBytes                        = 1048576                                   {product} {ergonomic}
   size_t MinHeapSize                              = 8388608                                   {product} {ergonomic}
    uintx NonNMethodCodeHeapSize                   = 5832780                                {pd product} {ergonomic}
    uintx NonProfiledCodeHeapSize                  = 122912730                              {pd product} {ergonomic}
    uintx ProfiledCodeHeapSize                     = 122912730                              {pd product} {ergonomic}
    uintx ReservedCodeCacheSize                    = 251658240                              {pd product} {ergonomic}
     bool SegmentedCodeCache                       = true                                      {product} {ergonomic}
   size_t SoftMaxHeapSize                          = 2095054848                             {manageable} {ergonomic}
     bool UseCompressedClassPointers               = true                           {product lp64_product} {ergonomic}
     bool UseCompressedOops                        = true                           {product lp64_product} {ergonomic}
     bool UseG1GC                                  = true                                      {product} {ergonomic}
     bool UseLargePagesIndividualAllocation        = false                                  {pd product} {ergonomic}

Logging:
Log output configuration:
 #0: stdout all=warning uptime,level,tags
 #1: stderr all=off uptime,level,tags

Environment Variables:
PATH=C:\Program Files\Common Files\Oracle\Java\javapath;C:\WINDOWS\system32;C:\WINDOWS;C:\WINDOWS\System32\Wbem;C:\WINDOWS\System32\WindowsPowerShell\v1.0\;C:\WINDOWS\System32\OpenSSH\;C:\Program Files\Git\cmd;C:\Program Files\MySQL\MySQL Shell 8.0\bin\;C:\Users\Yusufjon\AppData\Local\Microsoft\WindowsApps;C:\Users\Yusufjon\AppData\Local\GitHubDesktop\bin;
USERNAME=Yusufjon
OS=Windows_NT
PROCESSOR_IDENTIFIER=Intel64 Family 6 Model 140 Stepping 1, GenuineIntel
TMP=C:\Users\Yusufjon\AppData\Local\Temp
TEMP=C:\Users\Yusufjon\AppData\Local\Temp



---------------  S Y S T E M  ---------------

OS:
 Windows 11 , 64 bit Build 22621 (10.0.22621.1778)
OS uptime: 1 days 3:38 hours

CPU: total 4 (initial active 4) (2 cores per cpu, 2 threads per core) family 6 model 140 stepping 1 microcode 0x66, cx8, cmov, fxsr, ht, mmx, 3dnowpref, sse, sse2, sse3, ssse3, sse4.1, sse4.2, popcnt, lzcnt, tsc, tscinvbit, avx, avx2, aes, erms, clmul, bmi1, bmi2, adx, avx512f, avx512dq, avx512cd, avx512bw, avx512vl, sha, fma, vzeroupper, avx512_vpopcntdq, avx512_vpclmulqdq, avx512_vaes, avx512_vnni, clflush, clflushopt, clwb, avx512_vbmi2, avx512_vbmi

Memory: 4k page, system-wide physical 7991M (256M free)
TotalPageFile size 25190M (AvailPageFile size 30M)
current process WorkingSet (physical memory assigned to process): 11M, peak: 11M
current process commit charge ("private bytes"): 52M, peak: 177M

vm_info: OpenJDK 64-Bit Server VM (17.0.6+0-b2043.56-9586694) for windows-amd64 JRE (17.0.6+0-b2043.56-9586694), built on Feb  9 2023 20:06:20 by "androidbuild" with MS VC++ 16.10 / 16.11 (VS2019)

END.
